<?xml version="1.0" encoding="UTF-8"?>
<!-- Generated by org.testng.reporters.JUnitReportReporter -->
<testsuite skipped="0" hostname="INL-7TVF2G2" name="com.crm.qa.Testcases.LoginPageTest" tests="3" failures="0" timestamp="13 Jan 2019 13:50:32 GMT" time="115.159" errors="0">
  <testcase name="loginPageTitleTest" time="13.720" classname="com.crm.qa.Testcases.LoginPageTest"/>
  <testcase name="crmLogoImageTest" time="45.889" classname="com.crm.qa.Testcases.LoginPageTest"/>
  <testcase name="loginTest" time="55.550" classname="com.crm.qa.Testcases.LoginPageTest"/>
</testsuite> <!-- com.crm.qa.Testcases.LoginPageTest -->
