<?xml version="1.0" encoding="UTF-8"?>
<!-- Generated by org.testng.reporters.JUnitReportReporter -->
<testsuite skipped="0" hostname="INL-7TVF2G2" name="com.crm.qa.Testcases.HomePageTest" tests="3" failures="0" timestamp="16 Jan 2019 02:48:33 GMT" time="79.185" errors="0">
  <testcase name="verifyHomePageTitleTest" time="24.123" classname="com.crm.qa.Testcases.HomePageTest"/>
  <testcase name="verifyUserNameTest" time="28.604" classname="com.crm.qa.Testcases.HomePageTest"/>
  <testcase name="verifyContactsLinkTest" time="26.458" classname="com.crm.qa.Testcases.HomePageTest"/>
</testsuite> <!-- com.crm.qa.Testcases.HomePageTest -->
