<?xml version="1.0" encoding="UTF-8"?>
<!-- Generated by org.testng.reporters.JUnitReportReporter -->
<testsuite skipped="0" hostname="INL-7TVF2G2" name="com.crm.qa.Testcases.DealsPageTest" tests="2" failures="0" timestamp="05 Mar 2019 07:31:49 GMT" time="85.276" errors="0">
  <testcase name="update" time="41.022" classname="com.crm.qa.Testcases.DealsPageTest"/>
  <testcase name="test" time="44.254" classname="com.crm.qa.Testcases.DealsPageTest"/>
</testsuite> <!-- com.crm.qa.Testcases.DealsPageTest -->
