<?xml version="1.0" encoding="UTF-8"?>
<!-- Generated by org.testng.reporters.JUnitReportReporter -->
<testsuite skipped="0" hostname="INL-7TVF2G2" name="com.crm.qa.Testcases.ContactPageTest" tests="1" failures="0" timestamp="18 Jan 2019 10:16:35 GMT" time="55.313" errors="0">
  <testcase name="validateCreateNewContact" time="55.313" classname="com.crm.qa.Testcases.ContactPageTest"/>
</testsuite> <!-- com.crm.qa.Testcases.ContactPageTest -->
