<?xml version="1.0" encoding="UTF-8"?>
<!-- Generated by org.testng.reporters.JUnitReportReporter -->
<testsuite skipped="0" hostname="INL-7TVF2G2" name="com.crm.qa.testdata.LoginPageTest" tests="3" failures="0" timestamp="12 Jan 2019 16:55:54 GMT" time="78.514" errors="0">
  <testcase name="loginPageTitleTest" time="22.470" classname="com.crm.qa.testdata.LoginPageTest"/>
  <testcase name="crmLogoImageTest" time="25.886" classname="com.crm.qa.testdata.LoginPageTest"/>
  <testcase name="loginTest" time="30.158" classname="com.crm.qa.testdata.LoginPageTest"/>
</testsuite> <!-- com.crm.qa.testdata.LoginPageTest -->
